Added Pin To Net: NetName=1.2VARX Pin=U1-T9
Added Pin To Net: NetName=1.2VATX Pin=U1-T10
Added Rule: Name=Schematic Differential Pairs Routing_5
Added Rule: Name=Schematic Differential Pairs Routing_9
Added Rule: Name=Schematic Differential Pairs Routing_12
Added Rule: Name=Schematic Differential Pairs Routing_13
Added Rule: Name=Schematic Differential Pairs Routing_14
Added Rule: Name=Schematic Differential Pairs Routing_17
Added Rule: Name=Schematic Differential Pairs Routing_19
Added Rule: Name=Schematic Differential Pairs Routing_22
Added Rule: Name=Schematic Differential Pairs Routing_23
Added Rule: Name=Schematic Differential Pairs Routing_25
Added Rule: Name=Schematic Differential Pairs Routing_29
Added Rule: Name=Schematic Differential Pairs Routing_33
Added Rule: Name=Schematic Differential Pairs Routing_39
Added Rule: Name=Schematic Differential Pairs Routing_42
Change Rule Scope 1 : Old Scope=InNet('A_D0_P') New Scope=InNet('B_D0_P')
Change Rule Scope 1 : Old Scope=InNet('A_D1_N') New Scope=InNet('B_D1_N')
Change Rule Scope 1 : Old Scope=InNet('A_D3_P') New Scope=InNet('B_D3_P')
Change Rule Scope 1 : Old Scope=InNet('A_D4_N') New Scope=InNet('B_D4_N')
Change Rule Scope 1 : Old Scope=InNet('A_D5_N') New Scope=InNet('B_D5_N')
Change Rule Scope 1 : Old Scope=InNet('A_D6_N') New Scope=InNet('B_D6_N')
Change Rule Scope 1 : Old Scope=InNet('A_D6_P') New Scope=InNet('B_D6_P')
Change Rule Scope 1 : Old Scope=InNet('A_D7_N') New Scope=InNet('B_D7_N')
Change Rule Scope 1 : Old Scope=InNet('A_D9_P') New Scope=InNet('B_D9_P')
Change Rule Scope 1 : Old Scope=InNet('A_D11_P') New Scope=InNet('B_D11_P')
Change Rule Scope 1 : Old Scope=InNet('A_D12_P') New Scope=InNet('B_D12_P')
Change Rule Scope 1 : Old Scope=InNet('A_D14_P') New Scope=InNet('B_D14_P')
Change Rule Scope 1 : Old Scope=InNet('B_D0_P') New Scope=InNet('A_D0_P')
Change Rule Scope 1 : Old Scope=InNet('B_D1_N') New Scope=InNet('A_D1_N')
Change Rule Scope 1 : Old Scope=InNet('B_D3_N') New Scope=InNet('A_D3_N')
Change Rule Scope 1 : Old Scope=InNet('B_D3_P') New Scope=InNet('A_D3_P')
Change Rule Scope 1 : Old Scope=InNet('B_D4_N') New Scope=InNet('A_D4_N')
Change Rule Scope 1 : Old Scope=InNet('B_D5_N') New Scope=InNet('A_D5_N')
Change Rule Scope 1 : Old Scope=InNet('B_D6_P') New Scope=InNet('A_D6_P')
Change Rule Scope 1 : Old Scope=InNet('B_D7_N') New Scope=InNet('A_D7_N')
Change Rule Scope 1 : Old Scope=InNet('B_D10_P') New Scope=InNet('A_D10_P')
Change Rule Scope 1 : Old Scope=InNet('B_D11_P') New Scope=InNet('A_D11_P')
Change Rule Scope 1 : Old Scope=InNet('B_D12_P') New Scope=InNet('A_D12_P')
Change Rule Scope 1 : Old Scope=InNet('B_D14_P') New Scope=InNet('A_D14_P')
