Added Rule: Name=Schematic Matched Net Lengths
Added Rule: Name=Schematic Matched Net Lengths_1
Added Rule: Name=Schematic Matched Net Lengths_2
Added Rule: Name=Schematic Matched Net Lengths_17
Added Rule: Name=Schematic Matched Net Lengths_23
Added Rule: Name=Schematic Matched Net Lengths_29
Added Rule: Name=Schematic Matched Net Lengths_30
Added Rule: Name=Schematic Matched Net Lengths_37
Added Rule: Name=Schematic Matched Net Lengths_41
Added Rule: Name=Schematic Matched Net Lengths_43
Added Rule: Name=Schematic Matched Net Lengths_46
Added Rule: Name=Schematic Matched Net Lengths_47
Change Rule Scope 1 : Old Scope=InNet('A_D0_P') New Scope=InNet('B_D0_P')
Change Rule Scope 1 : Old Scope=InNet('A_D1_N') New Scope=InNet('B_D1_N')
Change Rule Scope 1 : Old Scope=InNet('A_D2_P') New Scope=InNet('B_D2_P')
Change Rule Scope 1 : Old Scope=InNet('A_D4_N') New Scope=InNet('B_D4_N')
Change Rule Scope 1 : Old Scope=InNet('A_D5_N') New Scope=InNet('B_D5_N')
Change Rule Scope 1 : Old Scope=InNet('A_D5_P') New Scope=InNet('B_D5_P')
Change Rule Scope 1 : Old Scope=InNet('A_D7_N') New Scope=InNet('B_D7_N')
Change Rule Scope 1 : Old Scope=InNet('A_D9_N') New Scope=InNet('B_D9_N')
Change Rule Scope 1 : Old Scope=InNet('A_D11_N') New Scope=InNet('B_D11_N')
Change Rule Scope 1 : Old Scope=InNet('A_D12_P') New Scope=InNet('B_D12_P')
Change Rule Scope 1 : Old Scope=InNet('A_D13_N') New Scope=InNet('B_D13_N')
Change Rule Scope 1 : Old Scope=InNet('A_D15_P') New Scope=InNet('B_D15_P')
Change Rule Scope 1 : Old Scope=InNet('B_D0_P') New Scope=InNet('A_D0_P')
Change Rule Scope 1 : Old Scope=InNet('B_D1_P') New Scope=InNet('A_D1_P')
Change Rule Scope 1 : Old Scope=InNet('B_D2_P') New Scope=InNet('A_D2_P')
Change Rule Scope 1 : Old Scope=InNet('B_D4_N') New Scope=InNet('A_D4_N')
Change Rule Scope 1 : Old Scope=InNet('B_D5_N') New Scope=InNet('A_D5_N')
Change Rule Scope 1 : Old Scope=InNet('B_D5_P') New Scope=InNet('A_D5_P')
Change Rule Scope 1 : Old Scope=InNet('B_D7_N') New Scope=InNet('A_D7_N')
Change Rule Scope 1 : Old Scope=InNet('B_D11_N') New Scope=InNet('A_D11_N')
Change Rule Scope 1 : Old Scope=InNet('B_D13_N') New Scope=InNet('A_D13_N')
Change Rule Scope 1 : Old Scope=InNet('B_D14_P') New Scope=InNet('A_D14_P')
Change Rule Scope 1 : Old Scope=InNet('B_D15_N') New Scope=InNet('A_D15_N')
