Added Rule: Name=Schematic Differential Pairs Routing_4
Added Rule: Name=Schematic Differential Pairs Routing_5
Added Rule: Name=Schematic Differential Pairs Routing_8
Added Rule: Name=Schematic Differential Pairs Routing_9
Added Rule: Name=Schematic Differential Pairs Routing_13
Added Rule: Name=Schematic Differential Pairs Routing_14
Added Rule: Name=Schematic Differential Pairs Routing_17
Added Rule: Name=Schematic Differential Pairs Routing_22
Added Rule: Name=Schematic Differential Pairs Routing_27
Added Rule: Name=Schematic Differential Pairs Routing_28
Added Rule: Name=Schematic Differential Pairs Routing_29
Added Rule: Name=Schematic Differential Pairs Routing_33
Added Rule: Name=Schematic Differential Pairs Routing_34
Added Rule: Name=Schematic Differential Pairs Routing_35
Added Rule: Name=Schematic Differential Pairs Routing_37
Added Rule: Name=Schematic Differential Pairs Routing_38
Added Rule: Name=Schematic Differential Pairs Routing_42
Added Rule: Name=Schematic Differential Pairs Routing_43
Change Rule Scope 1 : Old Scope=InNet('A_D0_P') New Scope=InNet('B_D0_P')
Change Rule Scope 1 : Old Scope=InNet('A_D1_N') New Scope=InNet('B_D1_N')
Change Rule Scope 1 : Old Scope=InNet('A_D4_N') New Scope=InNet('B_D4_N')
Change Rule Scope 1 : Old Scope=InNet('A_D7_N') New Scope=InNet('B_D7_N')
Change Rule Scope 1 : Old Scope=InNet('A_D7_P') New Scope=InNet('B_D7_P')
Change Rule Scope 1 : Old Scope=InNet('A_D8_P') New Scope=InNet('B_D8_P')
Change Rule Scope 1 : Old Scope=InNet('A_D9_N') New Scope=InNet('B_D9_N')
Change Rule Scope 1 : Old Scope=InNet('A_D9_P') New Scope=InNet('B_D9_P')
Change Rule Scope 1 : Old Scope=InNet('A_D10_N') New Scope=InNet('B_D10_N')
Change Rule Scope 1 : Old Scope=InNet('A_D12_P') New Scope=InNet('B_D12_P')
Change Rule Scope 1 : Old Scope=InNet('A_D13_P') New Scope=InNet('B_D13_P')
Change Rule Scope 1 : Old Scope=InNet('A_D15_N') New Scope=InNet('B_D15_N')
Change Rule Scope 1 : Old Scope=InNet('B_D0_P') New Scope=InNet('A_D0_P')
Change Rule Scope 1 : Old Scope=InNet('B_D4_P') New Scope=InNet('A_D4_P')
Change Rule Scope 1 : Old Scope=InNet('B_D8_P') New Scope=InNet('A_D8_P')
Change Rule Scope 1 : Old Scope=InNet('B_D9_N') New Scope=InNet('A_D9_N')
Change Rule Scope 1 : Old Scope=InNet('B_D9_P') New Scope=InNet('A_D9_P')
Change Rule Scope 1 : Old Scope=InNet('B_D10_N') New Scope=InNet('A_D10_N')
Change Rule Scope 1 : Old Scope=InNet('B_D12_N') New Scope=InNet('A_D12_N')
Change Rule Scope 1 : Old Scope=InNet('B_D13_P') New Scope=InNet('A_D13_P')
Change Rule Scope 1 : Old Scope=InNet('B_D15_P') New Scope=InNet('A_D15_P')
