Added Component: Designator=C110(005-00003)
Added Component: Designator=C111(005-00008)
Added Component: Designator=C112(005-00008)
Added Component: Designator=C113(005-00008)
Added Component: Designator=C114(005-00008)
Added Pin To Net: NetName=NetFB3_1 Pin=C110-1
Added Pin To Net: NetName=GND Pin=C110-2
Added Pin To Net: NetName=NetFB3_1 Pin=C111-1
Added Pin To Net: NetName=GND Pin=C111-2
Added Pin To Net: NetName=NetFB3_1 Pin=C112-1
Added Pin To Net: NetName=GND Pin=C112-2
Added Pin To Net: NetName=NetFB3_1 Pin=C113-1
Added Pin To Net: NetName=GND Pin=C113-2
Added Pin To Net: NetName=NetFB3_1 Pin=C114-1
Added Pin To Net: NetName=GND Pin=C114-2
Change Net Name : Old Net Name=NetFB3_1 New Net Name=NetC110_1
Added Rule: Name=Schematic Differential Pairs Routing_4
Added Rule: Name=Schematic Differential Pairs Routing_12
Added Rule: Name=Schematic Differential Pairs Routing_13
Added Rule: Name=Schematic Differential Pairs Routing_14
Added Rule: Name=Schematic Differential Pairs Routing_17
Added Rule: Name=Schematic Differential Pairs Routing_21
Added Rule: Name=Schematic Differential Pairs Routing_29
Added Rule: Name=Schematic Differential Pairs Routing_33
Added Rule: Name=Schematic Differential Pairs Routing_38
Change Rule Scope 1 : Old Scope=InNet('A_D0_N') New Scope=InNet('B_D0_N')
Change Rule Scope 1 : Old Scope=InNet('A_D1_P') New Scope=InNet('B_D1_P')
Change Rule Scope 1 : Old Scope=InNet('A_D2_N') New Scope=InNet('B_D2_N')
Change Rule Scope 1 : Old Scope=InNet('A_D2_P') New Scope=InNet('B_D2_P')
Change Rule Scope 1 : Old Scope=InNet('A_D3_P') New Scope=InNet('B_D3_P')
Change Rule Scope 1 : Old Scope=InNet('A_D4_P') New Scope=InNet('B_D4_P')
Change Rule Scope 1 : Old Scope=InNet('A_D5_N') New Scope=InNet('B_D5_N')
Change Rule Scope 1 : Old Scope=InNet('A_D5_P') New Scope=InNet('B_D5_P')
Change Rule Scope 1 : Old Scope=InNet('A_D8_P') New Scope=InNet('B_D8_P')
Change Rule Scope 1 : Old Scope=InNet('A_D9_N') New Scope=InNet('B_D9_N')
Change Rule Scope 1 : Old Scope=InNet('A_D10_N') New Scope=InNet('B_D10_N')
Change Rule Scope 1 : Old Scope=InNet('A_D10_P') New Scope=InNet('B_D10_P')
Change Rule Scope 1 : Old Scope=InNet('A_D11_N') New Scope=InNet('B_D11_N')
Change Rule Scope 1 : Old Scope=InNet('A_D12_N') New Scope=InNet('B_D12_N')
Change Rule Scope 1 : Old Scope=InNet('A_D13_P') New Scope=InNet('B_D13_P')
Change Rule Scope 1 : Old Scope=InNet('A_D14_P') New Scope=InNet('B_D14_P')
Change Rule Scope 1 : Old Scope=InNet('A_D15_N') New Scope=InNet('B_D15_N')
Change Rule Scope 1 : Old Scope=InNet('B_D0_N') New Scope=InNet('A_D0_N')
Change Rule Scope 1 : Old Scope=InNet('B_D1_P') New Scope=InNet('A_D1_P')
Change Rule Scope 1 : Old Scope=InNet('B_D2_N') New Scope=InNet('A_D2_N')
Change Rule Scope 1 : Old Scope=InNet('B_D2_P') New Scope=InNet('A_D2_P')
Change Rule Scope 1 : Old Scope=InNet('B_D4_P') New Scope=InNet('A_D4_P')
Change Rule Scope 1 : Old Scope=InNet('B_D5_N') New Scope=InNet('A_D5_N')
Change Rule Scope 1 : Old Scope=InNet('B_D5_P') New Scope=InNet('A_D5_P')
Change Rule Scope 1 : Old Scope=InNet('B_D7_P') New Scope=InNet('A_D7_P')
Change Rule Scope 1 : Old Scope=InNet('B_D8_P') New Scope=InNet('A_D8_P')
Change Rule Scope 1 : Old Scope=InNet('B_D10_N') New Scope=InNet('A_D10_N')
Change Rule Scope 1 : Old Scope=InNet('B_D10_P') New Scope=InNet('A_D10_P')
Change Rule Scope 1 : Old Scope=InNet('B_D11_N') New Scope=InNet('A_D11_N')
Change Rule Scope 1 : Old Scope=InNet('B_D12_N') New Scope=InNet('A_D12_N')
Change Rule Scope 1 : Old Scope=InNet('B_D14_P') New Scope=InNet('A_D14_P')
Change Rule Scope 1 : Old Scope=InNet('B_D15_N') New Scope=InNet('A_D15_N')
